Arguments: 
  /home/lili/.nvm/versions/node/v8.11.1/bin/node /usr/share/yarn/bin/yarn.js publish --access restricted

PATH: 
  /home/lili/google-cloud-sdk/bin:/home/lili/.nvm/versions/node/v8.11.1/bin:/usr/local/bin:/usr/local/sbin:/home/lili/bin:/home/lili/.local/bin:/usr/sbin:/usr/bin:/sbin:/bin:/usr/games:/usr/local/games:/home/lili/Android/Sdk/platform-tools

Yarn version: 
  1.7.0

Node version: 
  8.11.1

Platform: 
  linux x64

Trace: 
  Error: canceled
      at Interface.<anonymous> (/usr/share/yarn/lib/cli.js:131036:13)
      at emitNone (events.js:106:13)
      at Interface.emit (events.js:208:7)
      at Interface._ttyWrite (readline.js:775:16)
      at ReadStream.onkeypress (readline.js:160:10)
      at emitTwo (events.js:126:13)
      at ReadStream.emit (events.js:214:7)
      at emitKeys (internal/readline.js:420:14)
      at emitKeys.next (<anonymous>)
      at ReadStream.onData (readline.js:1011:36)

npm manifest: 
  {
    "name": "@babelbing/cordova-plugin-image-picker",
    "version": "1.1.3",
    "description": "This plugin allows selection of multiple images from the camera roll / gallery in a phonegap app",
    "cordova": {
      "id": "cordova-plugin-image-picker",
      "platforms": [
        "ios",
        "android"
      ]
    },
    "repository": {
      "type": "git",
      "url": "git+https://github.com/wymsee/cordova-imagePicker.git"
    },
    "keywords": [
      "ecosystem:cordova",
      "cordova-ios",
      "cordova-android"
    ],
    "engines": [
      {
        "name": "cordova",
        "version": ">=3.0.0"
      }
    ],
    "author": "Wymsee",
    "license": "MIT",
    "bugs": {
      "url": "https://github.com/wymsee/cordova-imagePicker/issues"
    },
    "homepage": "https://github.com/wymsee/cordova-imagePicker#readme",
    "main": "index.js",
    "scripts": {
      "test": "echo \"Error: no test specified\" && exit 1"
    }
  }

yarn manifest: 
  No manifest

Lockfile: 
  No lockfile
